# JRE version: OpenJDK Runtime Environment Temurin-21.0.10+7 (21.0.10+7) (build 21.0.10+7-LTS)
# Java VM: OpenJDK 64-Bit Server VM Temurin-21.0.10+7 (21.0.10+7-LTS, mixed mode, sharing, tiered, compressed oops, compressed class ptrs, parallel gc, windows-amd64)
GC Precious Log:
 CardTable entry size: 512
 CPUs: 8 total, 8 available
 Memory: 16227M
 Large Page Support: Disabled
 NUMA Support: Disabled
 Compressed Oops: Enabled (32-bit)
 Alignments: Space 512K, Generation 512K, Heap 2M
 Heap Min Capacity: 100M
 Heap Initial Capacity: 100M
 Heap Max Capacity: 2G
 Pre-touch: Disabled
 Parallel Workers: 8
Heap:
 PSYoungGen      total 2560K, used 1136K [0x00000000d5580000, 0x00000000d5b80000, 0x0000000100000000)
  eden space 2048K, 38% used [0x00000000d5580000,0x00000000d56441a0,0x00000000d5780000)
  from space 512K, 68% used [0x00000000d5a80000,0x00000000d5ad8040,0x00000000d5b00000)
  to   space 512K, 0% used [0x00000000d5b00000,0x00000000d5b00000,0x00000000d5b80000)
 ParOldGen       total 630272K, used 629853K [0x0000000080000000, 0x00000000a6780000, 0x00000000d5580000)
  object space 630272K, 99% used [0x0000000080000000,0x00000000a6717658,0x00000000a6780000)
 Metaspace       used 77515K, committed 79040K, reserved 1179648K
  class space    used 7616K, committed 8384K, reserved 1048576K
GC Heap History (20 events):
Event: 201800.865 GC heap before
{Heap before GC invocations=5253 (full 11):
 PSYoungGen      total 4096K, used 3837K [0x00000000d5580000, 0x00000000d5d00000, 0x0000000100000000)
  eden space 2048K, 100% used [0x00000000d5580000,0x00000000d5780000,0x00000000d5780000)
  from space 2048K, 87% used [0x00000000d5a00000,0x00000000d5bbf6c8,0x00000000d5c00000)
  to   space 1024K, 0% used [0x00000000d5c00000,0x00000000d5c00000,0x00000000d5d00000)
 ParOldGen       total 625152K, used 624932K [0x0000000080000000, 0x00000000a6280000, 0x00000000d5580000)
  object space 625152K, 99% used [0x0000000080000000,0x00000000a6249158,0x00000000a6280000)
 Metaspace       used 77506K, committed 79040K, reserved 1179648K
  class space    used 7616K, committed 8384K, reserved 1048576K
}
Event: 201800.871 GC heap after
{Heap after GC invocations=5253 (full 11):
 PSYoungGen      total 3072K, used 1005K [0x00000000d5580000, 0x00000000d5e80000, 0x0000000100000000)
  eden space 2048K, 0% used [0x00000000d5580000,0x00000000d5580000,0x00000000d5780000)
  from space 1024K, 98% used [0x00000000d5c00000,0x00000000d5cfb468,0x00000000d5d00000)
  to   space 3584K, 0% used [0x00000000d5780000,0x00000000d5780000,0x00000000d5b00000)
 ParOldGen       total 627200K, used 626858K [0x0000000080000000, 0x00000000a6480000, 0x00000000d5580000)
  object space 627200K, 99% used [0x0000000080000000,0x00000000a642a880,0x00000000a6480000)
 Metaspace       used 77506K, committed 79040K, reserved 1179648K
  class space    used 7616K, committed 8384K, reserved 1048576K
}
Event: 201800.928 GC heap before
{Heap before GC invocations=5254 (full 11):
 PSYoungGen      total 3072K, used 3053K [0x00000000d5580000, 0x00000000d5e80000, 0x0000000100000000)
  eden space 2048K, 100% used [0x00000000d5580000,0x00000000d5780000,0x00000000d5780000)
  from space 1024K, 98% used [0x00000000d5c00000,0x00000000d5cfb468,0x00000000d5d00000)
  to   space 3584K, 0% used [0x00000000d5780000,0x00000000d5780000,0x00000000d5b00000)
 ParOldGen       total 627200K, used 626858K [0x0000000080000000, 0x00000000a6480000, 0x00000000d5580000)
  object space 627200K, 99% used [0x0000000080000000,0x00000000a642a880,0x00000000a6480000)
 Metaspace       used 77506K, committed 79040K, reserved 1179648K
  class space    used 7616K, committed 8384K, reserved 1048576K
}
Event: 201800.941 GC heap after
{Heap after GC invocations=5254 (full 11):
 PSYoungGen      total 5632K, used 352K [0x00000000d5580000, 0x00000000d5c80000, 0x0000000100000000)
  eden space 2048K, 0% used [0x00000000d5580000,0x00000000d5580000,0x00000000d5780000)
  from space 3584K, 9% used [0x00000000d5780000,0x00000000d57d8000,0x00000000d5b00000)
  to   space 1536K, 0% used [0x00000000d5b00000,0x00000000d5b00000,0x00000000d5c80000)
 ParOldGen       total 628224K, used 627902K [0x0000000080000000, 0x00000000a6580000, 0x00000000d5580000)
  object space 628224K, 99% used [0x0000000080000000,0x00000000a652f850,0x00000000a6580000)
 Metaspace       used 77506K, committed 79040K, reserved 1179648K
  class space    used 7616K, committed 8384K, reserved 1048576K
}
Event: 201801.006 GC heap before
{Heap before GC invocations=5255 (full 11):
 PSYoungGen      total 5632K, used 2400K [0x00000000d5580000, 0x00000000d5c80000, 0x0000000100000000)
  eden space 2048K, 100% used [0x00000000d5580000,0x00000000d5780000,0x00000000d5780000)
  from space 3584K, 9% used [0x00000000d5780000,0x00000000d57d8000,0x00000000d5b00000)
  to   space 1536K, 0% used [0x00000000d5b00000,0x00000000d5b00000,0x00000000d5c80000)
 ParOldGen       total 628224K, used 627902K [0x0000000080000000, 0x00000000a6580000, 0x00000000d5580000)
  object space 628224K, 99% used [0x0000000080000000,0x00000000a652f850,0x00000000a6580000)
 Metaspace       used 77506K, committed 79040K, reserved 1179648K
  class space    used 7616K, committed 8384K, reserved 1048576K
}
Event: 201801.013 GC heap after
{Heap after GC invocations=5255 (full 11):
 PSYoungGen      total 2560K, used 320K [0x00000000d5580000, 0x00000000d5b80000, 0x0000000100000000)
  eden space 2048K, 0% used [0x00000000d5580000,0x00000000d5580000,0x00000000d5780000)
  from space 512K, 62% used [0x00000000d5b00000,0x00000000d5b50000,0x00000000d5b80000)
  to   space 512K, 0% used [0x00000000d5a80000,0x00000000d5a80000,0x00000000d5b00000)
 ParOldGen       total 628224K, used 628147K [0x0000000080000000, 0x00000000a6580000, 0x00000000d5580000)
  object space 628224K, 99% used [0x0000000080000000,0x00000000a656cc08,0x00000000a6580000)
 Metaspace       used 77506K, committed 79040K, reserved 1179648K
  class space    used 7616K, committed 8384K, reserved 1048576K
}
Event: 201801.111 GC heap before
{Heap before GC invocations=5256 (full 11):
 PSYoungGen      total 2560K, used 2368K [0x00000000d5580000, 0x00000000d5b80000, 0x0000000100000000)
  eden space 2048K, 100% used [0x00000000d5580000,0x00000000d5780000,0x00000000d5780000)
  from space 512K, 62% used [0x00000000d5b00000,0x00000000d5b50000,0x00000000d5b80000)
  to   space 512K, 0% used [0x00000000d5a80000,0x00000000d5a80000,0x00000000d5b00000)
 ParOldGen       total 628224K, used 628147K [0x0000000080000000, 0x00000000a6580000, 0x00000000d5580000)
  object space 628224K, 99% used [0x0000000080000000,0x00000000a656cc08,0x00000000a6580000)
 Metaspace       used 77506K, committed 79040K, reserved 1179648K
  class space    used 7616K, committed 8384K, reserved 1048576K
}
Event: 201801.115 GC heap after
{Heap after GC invocations=5256 (full 11):
 PSYoungGen      total 2560K, used 503K [0x00000000d5580000, 0x00000000d5b80000, 0x0000000100000000)
  eden space 2048K, 0% used [0x00000000d5580000,0x00000000d5580000,0x00000000d5780000)
  from space 512K, 98% used [0x00000000d5a80000,0x00000000d5afdeb0,0x00000000d5b00000)
  to   space 512K, 0% used [0x00000000d5b00000,0x00000000d5b00000,0x00000000d5b80000)
 ParOldGen       total 628736K, used 628331K [0x0000000080000000, 0x00000000a6600000, 0x00000000d5580000)
  object space 628736K, 99% used [0x0000000080000000,0x00000000a659ac28,0x00000000a6600000)
 Metaspace       used 77506K, committed 79040K, reserved 1179648K
  class space    used 7616K, committed 8384K, reserved 1048576K
}
Event: 201801.186 GC heap before
{Heap before GC invocations=5257 (full 11):
 PSYoungGen      total 2560K, used 2551K [0x00000000d5580000, 0x00000000d5b80000, 0x0000000100000000)
  eden space 2048K, 100% used [0x00000000d5580000,0x00000000d5780000,0x00000000d5780000)
  from space 512K, 98% used [0x00000000d5a80000,0x00000000d5afdeb0,0x00000000d5b00000)
  to   space 512K, 0% used [0x00000000d5b00000,0x00000000d5b00000,0x00000000d5b80000)
 ParOldGen       total 628736K, used 628331K [0x0000000080000000, 0x00000000a6600000, 0x00000000d5580000)
  object space 628736K, 99% used [0x0000000080000000,0x00000000a659ac28,0x00000000a6600000)
 Metaspace       used 77506K, committed 79040K, reserved 1179648K
  class space    used 7616K, committed 8384K, reserved 1048576K
}
Event: 201801.193 GC heap after
{Heap after GC invocations=5257 (full 11):
 PSYoungGen      total 2560K, used 384K [0x00000000d5580000, 0x00000000d5b80000, 0x0000000100000000)
  eden space 2048K, 0% used [0x00000000d5580000,0x00000000d5580000,0x00000000d5780000)
  from space 512K, 75% used [0x00000000d5b00000,0x00000000d5b60000,0x00000000d5b80000)
  to   space 512K, 0% used [0x00000000d5a80000,0x00000000d5a80000,0x00000000d5b00000)
 ParOldGen       total 629248K, used 628742K [0x0000000080000000, 0x00000000a6680000, 0x00000000d5580000)
  object space 629248K, 99% used [0x0000000080000000,0x00000000a6601b20,0x00000000a6680000)
 Metaspace       used 77506K, committed 79040K, reserved 1179648K
  class space    used 7616K, committed 8384K, reserved 1048576K
}
Event: 201801.224 GC heap before
{Heap before GC invocations=5258 (full 11):
 PSYoungGen      total 2560K, used 2432K [0x00000000d5580000, 0x00000000d5b80000, 0x0000000100000000)
  eden space 2048K, 100% used [0x00000000d5580000,0x00000000d5780000,0x00000000d5780000)
  from space 512K, 75% used [0x00000000d5b00000,0x00000000d5b60000,0x00000000d5b80000)
  to   space 512K, 0% used [0x00000000d5a80000,0x00000000d5a80000,0x00000000d5b00000)
 ParOldGen       total 629248K, used 628742K [0x0000000080000000, 0x00000000a6680000, 0x00000000d5580000)
  object space 629248K, 99% used [0x0000000080000000,0x00000000a6601b20,0x00000000a6680000)
 Metaspace       used 77508K, committed 79040K, reserved 1179648K
  class space    used 7616K, committed 8384K, reserved 1048576K
}
Event: 201801.228 GC heap after
{Heap after GC invocations=5258 (full 11):
 PSYoungGen      total 2560K, used 352K [0x00000000d5580000, 0x00000000d5b80000, 0x0000000100000000)
  eden space 2048K, 0% used [0x00000000d5580000,0x00000000d5580000,0x00000000d5780000)
  from space 512K, 68% used [0x00000000d5a80000,0x00000000d5ad8000,0x00000000d5b00000)
  to   space 512K, 0% used [0x00000000d5b00000,0x00000000d5b00000,0x00000000d5b80000)
 ParOldGen       total 629248K, used 629014K [0x0000000080000000, 0x00000000a6680000, 0x00000000d5580000)
  object space 629248K, 99% used [0x0000000080000000,0x00000000a6645b40,0x00000000a6680000)
 Metaspace       used 77508K, committed 79040K, reserved 1179648K
  class space    used 7616K, committed 8384K, reserved 1048576K
}
Event: 201801.273 GC heap before
{Heap before GC invocations=5259 (full 11):
 PSYoungGen      total 2560K, used 2400K [0x00000000d5580000, 0x00000000d5b80000, 0x0000000100000000)
  eden space 2048K, 100% used [0x00000000d5580000,0x00000000d5780000,0x00000000d5780000)
  from space 512K, 68% used [0x00000000d5a80000,0x00000000d5ad8000,0x00000000d5b00000)
  to   space 512K, 0% used [0x00000000d5b00000,0x00000000d5b00000,0x00000000d5b80000)
 ParOldGen       total 629248K, used 629014K [0x0000000080000000, 0x00000000a6680000, 0x00000000d5580000)
  object space 629248K, 99% used [0x0000000080000000,0x00000000a6645b40,0x00000000a6680000)
 Metaspace       used 77508K, committed 79040K, reserved 1179648K
  class space    used 7616K, committed 8384K, reserved 1048576K
}
Event: 201801.277 GC heap after
{Heap after GC invocations=5259 (full 11):
 PSYoungGen      total 2560K, used 512K [0x00000000d5580000, 0x00000000d5b80000, 0x0000000100000000)
  eden space 2048K, 0% used [0x00000000d5580000,0x00000000d5580000,0x00000000d5780000)
  from space 512K, 100% used [0x00000000d5b00000,0x00000000d5b80000,0x00000000d5b80000)
  to   space 1024K, 0% used [0x00000000d5980000,0x00000000d5980000,0x00000000d5a80000)
 ParOldGen       total 629760K, used 629354K [0x0000000080000000, 0x00000000a6700000, 0x00000000d5580000)
  object space 629760K, 99% used [0x0000000080000000,0x00000000a669a9e0,0x00000000a6700000)
 Metaspace       used 77508K, committed 79040K, reserved 1179648K
  class space    used 7616K, committed 8384K, reserved 1048576K
}
Event: 202010.796 GC heap before
{Heap before GC invocations=5260 (full 11):
 PSYoungGen      total 2560K, used 2560K [0x00000000d5580000, 0x00000000d5b80000, 0x0000000100000000)
  eden space 2048K, 100% used [0x00000000d5580000,0x00000000d5780000,0x00000000d5780000)
  from space 512K, 100% used [0x00000000d5b00000,0x00000000d5b80000,0x00000000d5b80000)
  to   space 1024K, 0% used [0x00000000d5980000,0x00000000d5980000,0x00000000d5a80000)
 ParOldGen       total 629760K, used 629354K [0x0000000080000000, 0x00000000a6700000, 0x00000000d5580000)
  object space 629760K, 99% used [0x0000000080000000,0x00000000a669a9e0,0x00000000a6700000)
 Metaspace       used 77508K, committed 79040K, reserved 1179648K
  class space    used 7616K, committed 8384K, reserved 1048576K
}
Event: 202010.847 GC heap after
{Heap after GC invocations=5260 (full 11):
 PSYoungGen      total 3072K, used 192K [0x00000000d5580000, 0x00000000d5b80000, 0x0000000100000000)
  eden space 2048K, 0% used [0x00000000d5580000,0x00000000d5580000,0x00000000d5780000)
  from space 1024K, 18% used [0x00000000d5980000,0x00000000d59b0000,0x00000000d5a80000)
  to   space 512K, 0% used [0x00000000d5b00000,0x00000000d5b00000,0x00000000d5b80000)
 ParOldGen       total 629760K, used 629654K [0x0000000080000000, 0x00000000a6700000, 0x00000000d5580000)
  object space 629760K, 99% used [0x0000000080000000,0x00000000a66e5848,0x00000000a6700000)
 Metaspace       used 77508K, committed 79040K, reserved 1179648K
  class space    used 7616K, committed 8384K, reserved 1048576K
}
Event: 202095.545 GC heap before
{Heap before GC invocations=5261 (full 11):
 PSYoungGen      total 3072K, used 2240K [0x00000000d5580000, 0x00000000d5b80000, 0x0000000100000000)
  eden space 2048K, 100% used [0x00000000d5580000,0x00000000d5780000,0x00000000d5780000)
  from space 1024K, 18% used [0x00000000d5980000,0x00000000d59b0000,0x00000000d5a80000)
  to   space 512K, 0% used [0x00000000d5b00000,0x00000000d5b00000,0x00000000d5b80000)
 ParOldGen       total 629760K, used 629654K [0x0000000080000000, 0x00000000a6700000, 0x00000000d5580000)
  object space 629760K, 99% used [0x0000000080000000,0x00000000a66e5848,0x00000000a6700000)
 Metaspace       used 77515K, committed 79040K, reserved 1179648K
  class space    used 7616K, committed 8384K, reserved 1048576K
}
Event: 202095.553 GC heap after
{Heap after GC invocations=5261 (full 11):
 PSYoungGen      total 2560K, used 224K [0x00000000d5580000, 0x00000000d5b80000, 0x0000000100000000)
  eden space 2048K, 0% used [0x00000000d5580000,0x00000000d5580000,0x00000000d5780000)
  from space 512K, 43% used [0x00000000d5b00000,0x00000000d5b38000,0x00000000d5b80000)
  to   space 512K, 0% used [0x00000000d5a80000,0x00000000d5a80000,0x00000000d5b00000)
 ParOldGen       total 629760K, used 629749K [0x0000000080000000, 0x00000000a6700000, 0x00000000d5580000)
  object space 629760K, 99% used [0x0000000080000000,0x00000000a66fd658,0x00000000a6700000)
 Metaspace       used 77515K, committed 79040K, reserved 1179648K
  class space    used 7616K, committed 8384K, reserved 1048576K
}
Event: 202095.631 GC heap before
{Heap before GC invocations=5262 (full 11):
 PSYoungGen      total 2560K, used 2271K [0x00000000d5580000, 0x00000000d5b80000, 0x0000000100000000)
  eden space 2048K, 99% used [0x00000000d5580000,0x00000000d577fff8,0x00000000d5780000)
  from space 512K, 43% used [0x00000000d5b00000,0x00000000d5b38000,0x00000000d5b80000)
  to   space 512K, 0% used [0x00000000d5a80000,0x00000000d5a80000,0x00000000d5b00000)
 ParOldGen       total 629760K, used 629749K [0x0000000080000000, 0x00000000a6700000, 0x00000000d5580000)
  object space 629760K, 99% used [0x0000000080000000,0x00000000a66fd658,0x00000000a6700000)
 Metaspace       used 77515K, committed 79040K, reserved 1179648K
  class space    used 7616K, committed 8384K, reserved 1048576K
}
Event: 202095.634 GC heap after
{Heap after GC invocations=5262 (full 11):
 PSYoungGen      total 2560K, used 352K [0x00000000d5580000, 0x00000000d5b80000, 0x0000000100000000)
  eden space 2048K, 0% used [0x00000000d5580000,0x00000000d5580000,0x00000000d5780000)
  from space 512K, 68% used [0x00000000d5a80000,0x00000000d5ad8040,0x00000000d5b00000)
  to   space 512K, 0% used [0x00000000d5b00000,0x00000000d5b00000,0x00000000d5b80000)
 ParOldGen       total 630272K, used 629853K [0x0000000080000000, 0x00000000a6780000, 0x00000000d5580000)
  object space 630272K, 99% used [0x0000000080000000,0x00000000a6717658,0x00000000a6780000)
 Metaspace       used 77515K, committed 79040K, reserved 1179648K
  class space    used 7616K, committed 8384K, reserved 1048576K
}

